<?xml version="1.0" encoding="UTF-8"?>
<!-- Generated by org.testng.reporters.JUnitReportReporter -->
<testsuite hostname="DESKTOP-J9OJM1R" failures="0" tests="5" name="com.mystore.testcases.ProductDisplayPageTests" time="173.621" errors="0" timestamp="2022-01-28T02:39:22 IST" skipped="0">
  <testcase classname="com.mystore.testcases.ProductDisplayPageTests" name="productImageDisplay" time="33.429"/>
  <system-out/>
  <testcase classname="com.mystore.testcases.ProductDisplayPageTests" name="productPageTitle" time="27.245"/>
  <system-out/>
  <testcase classname="com.mystore.testcases.ProductDisplayPageTests" name="productPriceDisplay" time="56.261"/>
  <system-out/>
  <testcase classname="com.mystore.testcases.ProductDisplayPageTests" name="clickAddToCart" time="29.163"/>
  <system-out/>
  <testcase classname="com.mystore.testcases.ProductDisplayPageTests" name="productNameDisplay" time="27.523"/>
  <system-out/>
</testsuite> <!-- com.mystore.testcases.ProductDisplayPageTests -->
