<?xml version="1.0" encoding="UTF-8"?>
<!-- Generated by org.testng.reporters.JUnitReportReporter -->
<testsuite hostname="DESKTOP-J9OJM1R" failures="0" tests="1" name="com.mystore.testcases.LogInTests" time="10.139" errors="0" timestamp="2022-01-26T16:14:03 IST" skipped="0">
  <testcase classname="com.mystore.testcases.LogInTests" name="logInTest" time="10.139"/>
  <system-out/>
</testsuite> <!-- com.mystore.testcases.LogInTests -->
