<?xml version="1.0" encoding="UTF-8"?>
<!-- Generated by org.testng.reporters.JUnitReportReporter -->
<testsuite hostname="DESKTOP-J9OJM1R" failures="0" tests="2" name="com.mystore.testcases.AcountsPageTests" time="58.407" errors="0" timestamp="2022-01-28T01:32:35 IST" skipped="0">
  <testcase classname="com.mystore.testcases.AcountsPageTests" name="myOrdersOptionDisplayTest" time="35.530"/>
  <system-out/>
  <testcase classname="com.mystore.testcases.AcountsPageTests" name="wishListOptiondisplayTest" time="22.877"/>
  <system-out/>
</testsuite> <!-- com.mystore.testcases.AcountsPageTests -->
