<?xml version="1.0" encoding="UTF-8"?>
<!-- Generated by org.testng.reporters.JUnitReportReporter -->
<testsuite hostname="DESKTOP-J9OJM1R" failures="0" tests="1" name="com.myshop.testcases.PracticeTestCases" time="63.730" errors="0" timestamp="2022-02-14T19:57:13 IST" skipped="0">
  <testcase classname="com.myshop.testcases.PracticeTestCases" name="priceMatch" time="63.730"/>
  <system-out/>
</testsuite> <!-- com.myshop.testcases.PracticeTestCases -->
