<?xml version="1.0" encoding="UTF-8"?>
<!-- Generated by org.testng.reporters.JUnitReportReporter -->
<testsuite hostname="DESKTOP-J9OJM1R" failures="0" tests="4" name="com.myshop.testcases.SignInTests" time="92.604" errors="0" timestamp="2022-02-01T10:05:31 IST" skipped="0">
  <testcase classname="com.myshop.testcases.SignInTests" name="verifyPageTitle" time="27.668"/>
  <system-out/>
  <testcase classname="com.myshop.testcases.SignInTests" name="SignIn" time="26.385"/>
  <system-out/>
  <testcase classname="com.myshop.testcases.SignInTests" name="SignIn" time="19.071"/>
  <system-out/>
  <testcase classname="com.myshop.testcases.SignInTests" name="SignIn" time="19.480"/>
  <system-out/>
</testsuite> <!-- com.myshop.testcases.SignInTests -->
