<?xml version="1.0" encoding="UTF-8"?>
<!-- Generated by org.testng.reporters.JUnitReportReporter -->
<testsuite hostname="DESKTOP-J9OJM1R" failures="0" tests="2" name="com.myshop.testcases.MobilePageTests" time="103.025" errors="0" timestamp="2022-02-14T20:04:00 IST" skipped="0">
  <testcase classname="com.myshop.testcases.MobilePageTests" name="validateSorting" time="39.034"/>
  <system-out/>
  <testcase classname="com.myshop.testcases.MobilePageTests" name="verifyPageTitle" time="63.991"/>
  <system-out/>
</testsuite> <!-- com.myshop.testcases.MobilePageTests -->
