<?xml version="1.0" encoding="UTF-8"?>
<!-- Generated by org.testng.reporters.JUnitReportReporter -->
<testsuite hostname="DESKTOP-J9OJM1R" failures="0" tests="2" name="com.myshop.testcases.HomePageTests" time="72.540" errors="0" timestamp="2022-02-15T16:10:31 IST" skipped="0">
  <testcase classname="com.myshop.testcases.HomePageTests" name="verifyTitle" time="14.960"/>
  <system-out/>
  <testcase classname="com.myshop.testcases.HomePageTests" name="verifyLogo" time="57.580"/>
  <system-out/>
</testsuite> <!-- com.myshop.testcases.HomePageTests -->
