<?xml version="1.0" encoding="UTF-8"?>
<!-- Generated by org.testng.reporters.JUnitReportReporter -->
<testsuite hostname="DESKTOP-J9OJM1R" failures="0" tests="4" name="com.mystore.testcases.ShoppingCartTests" time="117.017" errors="0" timestamp="2022-01-28T14:47:32 IST" skipped="0">
  <testcase classname="com.mystore.testcases.ShoppingCartTests" name="proceedToCheckOutbtn" time="29.762"/>
  <system-out/>
  <testcase classname="com.mystore.testcases.ShoppingCartTests" name="priceCheck" time="26.801"/>
  <system-out/>
  <testcase classname="com.mystore.testcases.ShoppingCartTests" name="cartPageTitle" time="29.748"/>
  <system-out/>
  <testcase classname="com.mystore.testcases.ShoppingCartTests" name="addedToCartMsg" time="30.706"/>
  <system-out/>
</testsuite> <!-- com.mystore.testcases.ShoppingCartTests -->
