<?xml version="1.0" encoding="UTF-8"?>
<!-- Generated by org.testng.reporters.JUnitReportReporter -->
<testsuite hostname="DESKTOP-J9OJM1R" failures="0" tests="3" name="com.mystore.testcases.SearchResultsPageTests" time="90.289" errors="0" timestamp="2022-01-28T02:02:14 IST" skipped="0">
  <testcase classname="com.mystore.testcases.SearchResultsPageTests" name="VerifyResultsPageTitle" time="23.898"/>
  <system-out/>
  <testcase classname="com.mystore.testcases.SearchResultsPageTests" name="searchResults" time="26.392"/>
  <system-out/>
  <testcase classname="com.mystore.testcases.SearchResultsPageTests" name="verifyProductPageTitle" time="39.999"/>
  <system-out/>
</testsuite> <!-- com.mystore.testcases.SearchResultsPageTests -->
